

> @multiverse/frontend@0.1.0 build
> next build

[1G[0K[?25l [37m[1m [22m[39m Linting and checking validity of types  [36m.[39m[2K[1G [37m[1m [22m[39m Linting and checking validity of types  [36m..[39m[2K[1G [37m[1m [22m[39m Linting and checking validity of types  [36m...[39m[2K[1G [37m[1m [22m[39m Linting and checking validity of types  [36m.[39m[2K[1G [37m[1m [22m[39m Linting and checking validity of types  [36m..[39m[2K[1G[?25h [37m[1m [22m[39m Linting and checking validity of types     [32m[1m✓[22m[39m Linting and checking validity of types 
  [1m[38;2;173;127;168m ▲ Next.js 14.0.0[39m[22m

[?25l [37m[1m [22m[39m Creating an optimized production build  [36m.[39m[2K[1G [37m[1m [22m[39m Creating an optimized production build  [36m..[39m[2K[1G [37m[1m [22m[39m Creating an optimized production build  [36m...[39m[2K[1G [37m[1m [22m[39m Creating an optimized production build  [36m.[39m[2K[1G [37m[1m [22m[39m Creating an optimized production build  [36m..[39m[2K[1G [37m[1m [22m[39m Creating an optimized production build  [36m...[39m[2K[1G [37m[1m [22m[39m Creating an optimized production build  [36m.[39m[2K[1G [37m[1m [22m[39m Creating an optimized production build  [36m..[39m[2K[1G[?25h [37m[1m [22m[39m Creating an optimized production build     [32m[1m✓[22m[39m Creating an optimized production build 
 [32m[1m✓[22m[39m Compiled successfully
[?25l [37m[1m [22m[39m Collecting page data  [36m.[39m[2K[1G [37m[1m [22m[39m Collecting page data  [36m..[39m[2K[1G[?25h [37m[1m [22m[39m Collecting page data     [32m[1m✓[22m[39m Collecting page data 
[?25l [37m[1m [22m[39m Generating static pages (0/3)  [36m[    ][39m[2K[1G [37m[1m [22m[39m Generating static pages (0/3)  [36m[=   ][39m[2K[1G[?25h [32m[1m✓[22m[39m Generating static pages (3/3) 
[?25l [37m[1m [22m[39m Finalizing page optimization  [36m.[39m[?25l [37m[1m [22m[39m Collecting build traces  [36m.[39m[2K[1G [37m[1m [22m[39m Finalizing page optimization  [36m..[39m[2K[1G [37m[1m [22m[39m Collecting build traces  [36m..[39m[2K[1G [37m[1m [22m[39m Finalizing page optimization  [36m...[39m[2K[1G [37m[1m [22m[39m Collecting build traces  [36m...[39m[2K[1G [37m[1m [22m[39m Finalizing page optimization  [36m.[39m[2K[1G [37m[1m [22m[39m Collecting build traces  [36m.[39m[2K[1G [37m[1m [22m[39m Finalizing page optimization  [36m..[39m[2K[1G [37m[1m [22m[39m Collecting build traces  [36m..[39m[2K[1G [37m[1m [22m[39m Finalizing page optimization  [36m...[39m[2K[1G [37m[1m [22m[39m Collecting build traces  [36m...[39m[2K[1G [37m[1m [22m[39m Finalizing page optimization  [36m.[39m[2K[1G [37m[1m [22m[39m Collecting build traces  [36m.[39m[2K[1G [37m[1m [22m[39m Finalizing page optimization  [36m..[39m[2K[1G [37m[1m [22m[39m Collecting build traces  [36m..[39m[2K[1G [37m[1m [22m[39m Finalizing page optimization  [36m...[39m[2K[1G [37m[1m [22m[39m Collecting build traces  [36m...[39m[2K[1G [37m[1m [22m[39m Finalizing page optimization  [36m.[39m[2K[1G [37m[1m [22m[39m Collecting build traces  [36m.[39m[2K[1G [37m[1m [22m[39m Finalizing page optimization  [36m..[39m[2K[1G [37m[1m [22m[39m Collecting build traces  [36m..[39m[2K[1G [37m[1m [22m[39m Finalizing page optimization  [36m...[39m[2K[1G [37m[1m [22m[39m Collecting build traces  [36m...[39m[2K[1G [37m[1m [22m[39m Finalizing page optimization  [36m.[39m[2K[1G [37m[1m [22m[39m Collecting build traces  [36m.[39m[2K[1G [37m[1m [22m[39m Finalizing page optimization  [36m..[39m[2K[1G [37m[1m [22m[39m Collecting build traces  [36m..[39m[2K[1G [37m[1m [22m[39m Finalizing page optimization  [36m...[39m[2K[1G [37m[1m [22m[39m Collecting build traces  [36m...[39m[2K[1G[?25h [37m[1m [22m[39m Collecting build traces     [32m[1m✓[22m[39m Collecting build traces 
[2K[1G[?25h [37m[1m [22m[39m Finalizing page optimization     [32m[1m✓[22m[39m Finalizing page optimization 

[4mRoute (pages)[24m                              [4mSize[24m     [4mFirst Load JS[24m
┌ ○ /                                      9.47 kB        [32m91.5 kB[39m
├   /_app                                  0 B            [32m82.1 kB[39m
└ ○ /404                                   178 B          [32m82.3 kB[39m
+ First Load JS shared by all              [32m84.5 kB[39m
  ├ chunks/framework-0c14fcf572a0f55a.js   45.6 kB
  ├ chunks/main-f53f14953de86877.js        35.4 kB
  ├ chunks/pages/_app-69f55902957e1978.js  298 B
  ├ chunks/webpack-fd8027ecb5121007.js     770 B
  └ css/466e3d75b91ab185.css               2.44 kB

○  (Static)  prerendered as static HTML

[?25h[1G[0K⠙[1G[0K
